<?xml version="1.0" encoding="UTF-8"?>
<testsuite name="ru.nsu.izhuravskii.heapsort_tests" tests="5" skipped="0" failures="0" errors="0" timestamp="2022-09-28T04:43:24" hostname="JURGAZ-DESKTOP" time="0.058">
  <properties/>
  <testcase name="third_test()" classname="ru.nsu.izhuravskii.heapsort_tests" time="0.05"/>
  <testcase name="fourth_test()" classname="ru.nsu.izhuravskii.heapsort_tests" time="0.001"/>
  <testcase name="first_test()" classname="ru.nsu.izhuravskii.heapsort_tests" time="0.001"/>
  <testcase name="second_test()" classname="ru.nsu.izhuravskii.heapsort_tests" time="0.001"/>
  <testcase name="fifth_test()" classname="ru.nsu.izhuravskii.heapsort_tests" time="0.001"/>
  <system-out><![CDATA[]]></system-out>
  <system-err><![CDATA[]]></system-err>
</testsuite>
